<?xml version="1.0" encoding="UTF-8"?>
<!-- Generated by org.testng.reporters.JUnitReportReporter -->
<testsuite skipped="0" hostname="DESKTOP-G4O11KS" name="com.adactintestscript.AdactinTestScript" tests="5" failures="0" timestamp="2023-02-24T00:26:06 IST" time="27.206" errors="0">
  <testcase name="tc002" time="3.153" classname="com.adactintestscript.AdactinTestScript"/>
  <system-out/>
  <testcase name="tc004" time="2.740" classname="com.adactintestscript.AdactinTestScript"/>
  <system-out/>
  <testcase name="tc005" time="6.745" classname="com.adactintestscript.AdactinTestScript"/>
  <system-out/>
  <testcase name="tc001" time="12.970" classname="com.adactintestscript.AdactinTestScript"/>
  <system-out/>
  <testcase name="tc003" time="1.598" classname="com.adactintestscript.AdactinTestScript"/>
  <system-out/>
</testsuite> <!-- com.adactintestscript.AdactinTestScript -->
